app/build/intermediates/manifest_merge_blame_file/debug/manifest-merger-blame-debug-report.txt
1<?xml version="1.0" encoding="utf-8"?>
2<manifest xmlns:android="http://schemas.android.com/apk/res/android"
3    package="com.videon.downloader"
4    android:versionCode="14"
5    android:versionName="8.0.2" >
6
7    <uses-sdk
8        android:minSdkVersion="23"
8-->src\main\AndroidManifest.xml
9        android:targetSdkVersion="33" />
9-->src\main\AndroidManifest.xml
10
11    <uses-permission android:name="android.permission.WRITE_EXTERNAL_STORAGE" />
11-->src\main\AndroidManifest.xml:5:5-8:32
11-->src\main\AndroidManifest.xml:6:9-65
12    <uses-permission
12-->src\main\AndroidManifest.xml:9:5-11:38
13        android:name="android.permission.READ_EXTERNAL_STORAGE"
13-->src\main\AndroidManifest.xml:10:9-64
14        android:maxSdkVersion="32" />
14-->src\main\AndroidManifest.xml:11:9-35
15    <uses-permission android:name="android.permission.INTERNET" />
15-->src\main\AndroidManifest.xml:12:5-67
15-->src\main\AndroidManifest.xml:12:22-64
16    <uses-permission android:name="android.permission.ACCESS_NETWORK_STATE" />
16-->src\main\AndroidManifest.xml:13:5-79
16-->src\main\AndroidManifest.xml:13:22-76
17    <uses-permission android:name="android.permission.READ_MEDIA_IMAGES" />
17-->src\main\AndroidManifest.xml:14:5-76
17-->src\main\AndroidManifest.xml:14:22-73
18    <uses-permission android:name="android.permission.READ_MEDIA_VIDEO" />
18-->src\main\AndroidManifest.xml:15:5-75
18-->src\main\AndroidManifest.xml:15:22-72
19    <uses-permission android:name="android.permission.READ_MEDIA_AUDIO" />
19-->src\main\AndroidManifest.xml:16:5-75
19-->src\main\AndroidManifest.xml:16:22-72
20    <uses-permission android:name="com.samsung.android.providers.context.permission.WRITE_USE_APP_FEATURE_SURVEY" />
20-->src\main\AndroidManifest.xml:17:5-117
20-->src\main\AndroidManifest.xml:17:22-114
21
22    <queries>
22-->src\main\AndroidManifest.xml:19:5-22:15
23        <package android:name="com.whatsapp" />
23-->src\main\AndroidManifest.xml:20:9-48
23-->src\main\AndroidManifest.xml:20:18-45
24        <package android:name="com.whatsapp.w4b" />
24-->src\main\AndroidManifest.xml:21:9-52
24-->src\main\AndroidManifest.xml:21:18-49
25
26        <intent>
26-->[com.inmobi.monetization:inmobi-ads:10.1.2] AndroidManifest.xml:18:9-20:18
27            <action android:name="androidx.browser.customtabs.CustomTabsService" />
27-->[com.inmobi.monetization:inmobi-ads:10.1.2] AndroidManifest.xml:19:13-84
27-->[com.inmobi.monetization:inmobi-ads:10.1.2] AndroidManifest.xml:19:21-81
28        </intent>
29        <intent>
29-->[com.inmobi.monetization:inmobi-ads:10.1.2] AndroidManifest.xml:21:9-27:18
30            <action android:name="android.intent.action.VIEW" />
30-->[com.onesignal:OneSignal:4.8.5] AndroidManifest.xml:77:17-69
30-->[com.onesignal:OneSignal:4.8.5] AndroidManifest.xml:77:25-66
31
32            <category android:name="android.intent.category.BROWSABLE" />
32-->[com.inmobi.monetization:inmobi-ads:10.1.2] AndroidManifest.xml:24:13-74
32-->[com.inmobi.monetization:inmobi-ads:10.1.2] AndroidManifest.xml:24:23-71
33
34            <data android:scheme="https" />
34-->[com.inmobi.monetization:inmobi-ads:10.1.2] AndroidManifest.xml:26:13-44
34-->[com.inmobi.monetization:inmobi-ads:10.1.2] AndroidManifest.xml:26:19-41
35        </intent>
36        <intent>
36-->[com.inmobi.monetization:inmobi-ads:10.1.2] AndroidManifest.xml:28:9-34:18
37            <action android:name="android.intent.action.VIEW" />
37-->[com.onesignal:OneSignal:4.8.5] AndroidManifest.xml:77:17-69
37-->[com.onesignal:OneSignal:4.8.5] AndroidManifest.xml:77:25-66
38
39            <category android:name="android.intent.category.BROWSABLE" />
39-->[com.inmobi.monetization:inmobi-ads:10.1.2] AndroidManifest.xml:24:13-74
39-->[com.inmobi.monetization:inmobi-ads:10.1.2] AndroidManifest.xml:24:23-71
40
41            <data android:scheme="http" />
41-->[com.inmobi.monetization:inmobi-ads:10.1.2] AndroidManifest.xml:26:13-44
41-->[com.inmobi.monetization:inmobi-ads:10.1.2] AndroidManifest.xml:26:19-41
42        </intent>
43        <intent>
43-->[com.inmobi.monetization:inmobi-ads:10.1.2] AndroidManifest.xml:35:9-39:18
44            <action android:name="android.intent.action.VIEW" />
44-->[com.onesignal:OneSignal:4.8.5] AndroidManifest.xml:77:17-69
44-->[com.onesignal:OneSignal:4.8.5] AndroidManifest.xml:77:25-66
45
46            <data android:scheme="market" />
46-->[com.inmobi.monetization:inmobi-ads:10.1.2] AndroidManifest.xml:26:13-44
46-->[com.inmobi.monetization:inmobi-ads:10.1.2] AndroidManifest.xml:26:19-41
47        </intent>
48        <intent>
48-->[com.applovin:applovin-sdk:11.8.2] AndroidManifest.xml:12:9-14:18
49            <action android:name="com.applovin.am.intent.action.APPHUB_SERVICE" />
49-->[com.applovin:applovin-sdk:11.8.2] AndroidManifest.xml:13:13-83
49-->[com.applovin:applovin-sdk:11.8.2] AndroidManifest.xml:13:21-80
50        </intent>
51
52        <package android:name="com.facebook.katana" /> <!-- End of browser content -->
52-->[com.facebook.android:audience-network-sdk:6.13.7] AndroidManifest.xml:12:9-55
52-->[com.facebook.android:audience-network-sdk:6.13.7] AndroidManifest.xml:12:18-52
53        <!-- For CustomTabsService -->
54        <intent>
54-->[com.google.android.gms:play-services-ads-lite:21.5.0] AndroidManifest.xml:44:9-46:18
55            <action android:name="android.support.customtabs.action.CustomTabsService" />
55-->[com.google.android.gms:play-services-ads-lite:21.5.0] AndroidManifest.xml:45:13-90
55-->[com.google.android.gms:play-services-ads-lite:21.5.0] AndroidManifest.xml:45:21-87
56        </intent>
57        <intent>
57-->[com.fyber:marketplace-sdk:8.2.2] AndroidManifest.xml:15:9-17:18
58            <action android:name="com.digitalturbine.ignite.cl.IgniteRemoteService" />
58-->[com.fyber:marketplace-sdk:8.2.2] AndroidManifest.xml:16:13-87
58-->[com.fyber:marketplace-sdk:8.2.2] AndroidManifest.xml:16:21-84
59        </intent>
60    </queries>
61
62    <!-- Create a unique permission for your app and use it so only your app can receive your OneSignal messages. -->
63    <permission
63-->[com.onesignal:OneSignal:4.8.5] AndroidManifest.xml:7:5-9:47
64        android:name="com.videon.downloader.permission.C2D_MESSAGE"
64-->[com.onesignal:OneSignal:4.8.5] AndroidManifest.xml:8:9-63
65        android:protectionLevel="signature" />
65-->[com.onesignal:OneSignal:4.8.5] AndroidManifest.xml:9:9-44
66
67    <uses-permission android:name="com.videon.downloader.permission.C2D_MESSAGE" /> <!-- OneSignal SDK has runtime checks Android version. -->
67-->[com.onesignal:OneSignal:4.8.5] AndroidManifest.xml:11:5-79
67-->[com.onesignal:OneSignal:4.8.5] AndroidManifest.xml:11:22-76
68    <!-- <uses-sdk tools:overrideLibrary="android.support.customtabs"/> -->
69    <!-- Required runtime permission to display notifications on Android 13 -->
70    <uses-permission android:name="android.permission.POST_NOTIFICATIONS" /> <!-- c2dm RECEIVE are basic requirements for push messages through Google's FCM -->
70-->[com.onesignal:OneSignal:4.8.5] AndroidManifest.xml:16:5-77
70-->[com.onesignal:OneSignal:4.8.5] AndroidManifest.xml:16:22-74
71    <uses-permission android:name="com.google.android.c2dm.permission.RECEIVE" /> <!-- Required, makes sure notifications are delivered on time. -->
71-->[com.onesignal:OneSignal:4.8.5] AndroidManifest.xml:18:5-82
71-->[com.onesignal:OneSignal:4.8.5] AndroidManifest.xml:18:22-79
72    <uses-permission android:name="android.permission.WAKE_LOCK" />
72-->[com.onesignal:OneSignal:4.8.5] AndroidManifest.xml:19:5-68
72-->[com.onesignal:OneSignal:4.8.5] AndroidManifest.xml:19:22-65
73    <!--
74 Required so the device vibrates on receiving a push notification.
75         Vibration settings of the device still apply.
76    -->
77    <uses-permission android:name="android.permission.VIBRATE" />
77-->[com.onesignal:OneSignal:4.8.5] AndroidManifest.xml:24:5-66
77-->[com.onesignal:OneSignal:4.8.5] AndroidManifest.xml:24:22-63
78    <!--
79 Use to restore notifications the user hasn't interacted with.
80         They could be missed notifications if the user reboots their device if this isn't in place.
81    -->
82    <uses-permission android:name="android.permission.RECEIVE_BOOT_COMPLETED" /> <!-- START: ShortcutBadger -->
82-->[com.onesignal:OneSignal:4.8.5] AndroidManifest.xml:30:5-81
82-->[com.onesignal:OneSignal:4.8.5] AndroidManifest.xml:30:22-78
83    <!-- Samsung -->
84    <uses-permission android:name="com.sec.android.provider.badge.permission.READ" />
84-->[com.onesignal:OneSignal:4.8.5] AndroidManifest.xml:32:5-86
84-->[com.onesignal:OneSignal:4.8.5] AndroidManifest.xml:32:22-83
85    <uses-permission android:name="com.sec.android.provider.badge.permission.WRITE" /> <!-- HTC -->
85-->[com.onesignal:OneSignal:4.8.5] AndroidManifest.xml:33:5-87
85-->[com.onesignal:OneSignal:4.8.5] AndroidManifest.xml:33:22-84
86    <uses-permission android:name="com.htc.launcher.permission.READ_SETTINGS" />
86-->[com.onesignal:OneSignal:4.8.5] AndroidManifest.xml:34:5-81
86-->[com.onesignal:OneSignal:4.8.5] AndroidManifest.xml:34:22-78
87    <uses-permission android:name="com.htc.launcher.permission.UPDATE_SHORTCUT" /> <!-- Sony -->
87-->[com.onesignal:OneSignal:4.8.5] AndroidManifest.xml:35:5-83
87-->[com.onesignal:OneSignal:4.8.5] AndroidManifest.xml:35:22-80
88    <uses-permission android:name="com.sonyericsson.home.permission.BROADCAST_BADGE" />
88-->[com.onesignal:OneSignal:4.8.5] AndroidManifest.xml:36:5-88
88-->[com.onesignal:OneSignal:4.8.5] AndroidManifest.xml:36:22-85
89    <uses-permission android:name="com.sonymobile.home.permission.PROVIDER_INSERT_BADGE" /> <!-- Apex -->
89-->[com.onesignal:OneSignal:4.8.5] AndroidManifest.xml:37:5-92
89-->[com.onesignal:OneSignal:4.8.5] AndroidManifest.xml:37:22-89
90    <uses-permission android:name="com.anddoes.launcher.permission.UPDATE_COUNT" /> <!-- Solid -->
90-->[com.onesignal:OneSignal:4.8.5] AndroidManifest.xml:38:5-84
90-->[com.onesignal:OneSignal:4.8.5] AndroidManifest.xml:38:22-81
91    <uses-permission android:name="com.majeur.launcher.permission.UPDATE_BADGE" /> <!-- Huawei -->
91-->[com.onesignal:OneSignal:4.8.5] AndroidManifest.xml:39:5-83
91-->[com.onesignal:OneSignal:4.8.5] AndroidManifest.xml:39:22-80
92    <uses-permission android:name="com.huawei.android.launcher.permission.CHANGE_BADGE" />
92-->[com.onesignal:OneSignal:4.8.5] AndroidManifest.xml:40:5-91
92-->[com.onesignal:OneSignal:4.8.5] AndroidManifest.xml:40:22-88
93    <uses-permission android:name="com.huawei.android.launcher.permission.READ_SETTINGS" />
93-->[com.onesignal:OneSignal:4.8.5] AndroidManifest.xml:41:5-92
93-->[com.onesignal:OneSignal:4.8.5] AndroidManifest.xml:41:22-89
94    <uses-permission android:name="com.huawei.android.launcher.permission.WRITE_SETTINGS" /> <!-- ZUK -->
94-->[com.onesignal:OneSignal:4.8.5] AndroidManifest.xml:42:5-93
94-->[com.onesignal:OneSignal:4.8.5] AndroidManifest.xml:42:22-90
95    <uses-permission android:name="android.permission.READ_APP_BADGE" /> <!-- OPPO -->
95-->[com.onesignal:OneSignal:4.8.5] AndroidManifest.xml:43:5-73
95-->[com.onesignal:OneSignal:4.8.5] AndroidManifest.xml:43:22-70
96    <uses-permission android:name="com.oppo.launcher.permission.READ_SETTINGS" />
96-->[com.onesignal:OneSignal:4.8.5] AndroidManifest.xml:44:5-82
96-->[com.onesignal:OneSignal:4.8.5] AndroidManifest.xml:44:22-79
97    <uses-permission android:name="com.oppo.launcher.permission.WRITE_SETTINGS" /> <!-- EvMe -->
97-->[com.onesignal:OneSignal:4.8.5] AndroidManifest.xml:45:5-83
97-->[com.onesignal:OneSignal:4.8.5] AndroidManifest.xml:45:22-80
98    <uses-permission android:name="me.everything.badger.permission.BADGE_COUNT_READ" />
98-->[com.onesignal:OneSignal:4.8.5] AndroidManifest.xml:46:5-88
98-->[com.onesignal:OneSignal:4.8.5] AndroidManifest.xml:46:22-85
99    <uses-permission android:name="me.everything.badger.permission.BADGE_COUNT_WRITE" /> <!-- Optionally used by InMobi -->
99-->[com.onesignal:OneSignal:4.8.5] AndroidManifest.xml:47:5-89
99-->[com.onesignal:OneSignal:4.8.5] AndroidManifest.xml:47:22-86
100    <uses-permission android:name="android.permission.ACCESS_WIFI_STATE" />
100-->[com.applovin.mediation:inmobi-adapter:10.1.2.1] AndroidManifest.xml:16:5-76
100-->[com.applovin.mediation:inmobi-adapter:10.1.2.1] AndroidManifest.xml:16:22-73
101    <uses-permission android:name="com.google.android.gms.permission.AD_ID" />
101-->[com.inmobi.monetization:inmobi-ads:10.1.2] AndroidManifest.xml:15:5-79
101-->[com.inmobi.monetization:inmobi-ads:10.1.2] AndroidManifest.xml:15:22-76
102    <uses-permission android:name="com.applovin.array.apphub.permission.BIND_APPHUB_SERVICE" />
102-->[com.applovin:applovin-sdk:11.8.2] AndroidManifest.xml:20:5-96
102-->[com.applovin:applovin-sdk:11.8.2] AndroidManifest.xml:20:22-93
103    <uses-permission android:name="com.google.android.finsky.permission.BIND_GET_INSTALL_REFERRER_SERVICE" />
103-->[com.google.android.gms:play-services-measurement:21.1.1] AndroidManifest.xml:26:5-110
103-->[com.google.android.gms:play-services-measurement:21.1.1] AndroidManifest.xml:26:22-107
104    <uses-permission android:name="android.permission.FOREGROUND_SERVICE" />
104-->[androidx.work:work-runtime:2.7.0] AndroidManifest.xml:28:5-77
104-->[androidx.work:work-runtime:2.7.0] AndroidManifest.xml:28:22-74
105
106    <permission
106-->[androidx.core:core:1.9.0] AndroidManifest.xml:22:5-24:47
107        android:name="com.videon.downloader.DYNAMIC_RECEIVER_NOT_EXPORTED_PERMISSION"
107-->[androidx.core:core:1.9.0] AndroidManifest.xml:23:9-81
108        android:protectionLevel="signature" />
108-->[androidx.core:core:1.9.0] AndroidManifest.xml:24:9-44
109
110    <uses-permission android:name="com.videon.downloader.DYNAMIC_RECEIVER_NOT_EXPORTED_PERMISSION" />
110-->[androidx.core:core:1.9.0] AndroidManifest.xml:26:5-97
110-->[androidx.core:core:1.9.0] AndroidManifest.xml:26:22-94
111
112    <application
112-->src\main\AndroidManifest.xml:24:5-80:19
113        android:name="com.videon.downloader.include.YouApplication"
113-->src\main\AndroidManifest.xml:25:9-47
114        android:allowBackup="true"
114-->src\main\AndroidManifest.xml:26:9-35
115        android:appComponentFactory="androidx.core.app.CoreComponentFactory"
115-->[androidx.core:core:1.9.0] AndroidManifest.xml:28:18-86
116        android:debuggable="true"
117        android:extractNativeLibs="false"
118        android:icon="@mipmap/ic_launcher"
118-->src\main\AndroidManifest.xml:27:9-43
119        android:label="@string/app_name"
119-->src\main\AndroidManifest.xml:28:9-41
120        android:largeHeap="true"
120-->src\main\AndroidManifest.xml:29:9-33
121        android:networkSecurityConfig="@xml/network_security_config"
121-->src\main\AndroidManifest.xml:30:9-69
122        android:requestLegacyExternalStorage="true"
122-->src\main\AndroidManifest.xml:31:9-52
123        android:roundIcon="@mipmap/ic_launcher_round"
123-->src\main\AndroidManifest.xml:32:9-54
124        android:supportsRtl="true"
124-->src\main\AndroidManifest.xml:33:9-35
125        android:theme="@style/AppTheme"
125-->src\main\AndroidManifest.xml:34:9-40
126        android:usesCleartextTraffic="true" >
126-->src\main\AndroidManifest.xml:35:9-44
127        <activity
127-->src\main\AndroidManifest.xml:37:9-46:20
128            android:name="com.videon.downloader.activity.OpenerActivity"
128-->src\main\AndroidManifest.xml:38:13-52
129            android:exported="true"
129-->src\main\AndroidManifest.xml:39:13-36
130            android:hardwareAccelerated="true" >
130-->src\main\AndroidManifest.xml:40:13-47
131            <intent-filter>
131-->src\main\AndroidManifest.xml:41:13-45:29
132                <action android:name="android.intent.action.MAIN" />
132-->src\main\AndroidManifest.xml:42:17-69
132-->src\main\AndroidManifest.xml:42:25-66
133
134                <category android:name="android.intent.category.LAUNCHER" />
134-->src\main\AndroidManifest.xml:44:17-77
134-->src\main\AndroidManifest.xml:44:27-74
135            </intent-filter>
136        </activity>
137        <activity
137-->src\main\AndroidManifest.xml:47:9-50:50
138            android:name="com.videon.downloader.activity.MainActivity"
138-->src\main\AndroidManifest.xml:48:13-50
139            android:exported="true"
139-->src\main\AndroidManifest.xml:49:13-36
140            android:hardwareAccelerated="true" />
140-->src\main\AndroidManifest.xml:50:13-47
141        <activity
141-->src\main\AndroidManifest.xml:51:9-54:50
142            android:name="com.videon.downloader.activity.PreviewActivity"
142-->src\main\AndroidManifest.xml:52:13-53
143            android:exported="true"
143-->src\main\AndroidManifest.xml:53:13-36
144            android:hardwareAccelerated="true" />
144-->src\main\AndroidManifest.xml:54:13-47
145        <activity
145-->src\main\AndroidManifest.xml:55:9-58:50
146            android:name="com.videon.downloader.activity.VideoPlayerActivity"
146-->src\main\AndroidManifest.xml:56:13-57
147            android:exported="true"
147-->src\main\AndroidManifest.xml:57:13-36
148            android:hardwareAccelerated="true" />
148-->src\main\AndroidManifest.xml:58:13-47
149
150        <meta-data
150-->src\main\AndroidManifest.xml:60:9-62:118
151            android:name="applovin.sdk.key"
151-->src\main\AndroidManifest.xml:61:13-44
152            android:value="TC4Q8B6vM4Vd7-EXhD42SakAcGca6dS0RHRX8ZuxGIRP5tftlyuWDHx24z2PbeKBUfRUHXCwVpoC3AvK5T4qiI" />
152-->src\main\AndroidManifest.xml:62:13-115
153        <meta-data
153-->src\main\AndroidManifest.xml:63:9-65:70
154            android:name="com.google.android.gms.ads.APPLICATION_ID"
154-->src\main\AndroidManifest.xml:64:13-69
155            android:value="ca-app-pub-7246225768757843~8381849487" />
155-->src\main\AndroidManifest.xml:65:13-67
156        <meta-data
156-->src\main\AndroidManifest.xml:66:9-68:36
157            android:name="com.google.android.gms.ads.AD_MANAGER_APP"
157-->src\main\AndroidManifest.xml:67:13-69
158            android:value="true" />
158-->src\main\AndroidManifest.xml:68:13-33
159
160        <provider
161            android:name="androidx.core.content.FileProvider"
161-->src\main\AndroidManifest.xml:71:13-62
162            android:authorities="com.videon.downloader.provider"
162-->src\main\AndroidManifest.xml:72:13-60
163            android:exported="false"
163-->src\main\AndroidManifest.xml:73:13-37
164            android:grantUriPermissions="true" >
164-->src\main\AndroidManifest.xml:74:13-47
165            <meta-data
165-->src\main\AndroidManifest.xml:75:13-77:58
166                android:name="android.support.FILE_PROVIDER_PATHS"
166-->src\main\AndroidManifest.xml:76:17-67
167                android:resource="@xml/provider_paths" />
167-->src\main\AndroidManifest.xml:77:17-55
168        </provider>
169
170        <activity
170-->[com.karumi:dexter:6.2.3] AndroidManifest.xml:27:9-29:72
171            android:name="com.karumi.dexter.DexterActivity"
171-->[com.karumi:dexter:6.2.3] AndroidManifest.xml:28:13-60
172            android:theme="@style/Dexter.Internal.Theme.Transparent" />
172-->[com.karumi:dexter:6.2.3] AndroidManifest.xml:29:13-69
173
174        <receiver
174-->[com.onesignal:OneSignal:4.8.5] AndroidManifest.xml:50:9-61:20
175            android:name="com.onesignal.FCMBroadcastReceiver"
175-->[com.onesignal:OneSignal:4.8.5] AndroidManifest.xml:51:13-62
176            android:exported="true"
176-->[com.onesignal:OneSignal:4.8.5] AndroidManifest.xml:52:13-36
177            android:permission="com.google.android.c2dm.permission.SEND" >
177-->[com.onesignal:OneSignal:4.8.5] AndroidManifest.xml:53:13-73
178
179            <!-- High priority so OneSignal payloads can be filtered from other FCM receivers -->
180            <intent-filter android:priority="999" >
180-->[com.onesignal:OneSignal:4.8.5] AndroidManifest.xml:56:13-60:29
180-->[com.onesignal:OneSignal:4.8.5] AndroidManifest.xml:56:28-50
181                <action android:name="com.google.android.c2dm.intent.RECEIVE" />
181-->[com.onesignal:OneSignal:4.8.5] AndroidManifest.xml:57:17-81
181-->[com.onesignal:OneSignal:4.8.5] AndroidManifest.xml:57:25-78
182
183                <category android:name="com.videon.downloader" />
183-->[com.onesignal:OneSignal:4.8.5] AndroidManifest.xml:59:17-61
183-->[com.onesignal:OneSignal:4.8.5] AndroidManifest.xml:59:27-58
184            </intent-filter>
185        </receiver>
186
187        <service
187-->[com.onesignal:OneSignal:4.8.5] AndroidManifest.xml:63:9-69:19
188            android:name="com.onesignal.HmsMessageServiceOneSignal"
188-->[com.onesignal:OneSignal:4.8.5] AndroidManifest.xml:64:13-68
189            android:exported="false" >
189-->[com.onesignal:OneSignal:4.8.5] AndroidManifest.xml:65:13-37
190            <intent-filter>
190-->[com.onesignal:OneSignal:4.8.5] AndroidManifest.xml:66:13-68:29
191                <action android:name="com.huawei.push.action.MESSAGING_EVENT" />
191-->[com.onesignal:OneSignal:4.8.5] AndroidManifest.xml:67:17-81
191-->[com.onesignal:OneSignal:4.8.5] AndroidManifest.xml:67:25-78
192            </intent-filter>
193        </service>
194
195        <activity
195-->[com.onesignal:OneSignal:4.8.5] AndroidManifest.xml:71:9-79:20
196            android:name="com.onesignal.NotificationOpenedActivityHMS"
196-->[com.onesignal:OneSignal:4.8.5] AndroidManifest.xml:72:13-71
197            android:exported="true"
197-->[com.onesignal:OneSignal:4.8.5] AndroidManifest.xml:73:13-36
198            android:noHistory="true"
198-->[com.onesignal:OneSignal:4.8.5] AndroidManifest.xml:74:13-37
199            android:theme="@android:style/Theme.Translucent.NoTitleBar" >
199-->[com.onesignal:OneSignal:4.8.5] AndroidManifest.xml:75:13-72
200            <intent-filter>
200-->[com.onesignal:OneSignal:4.8.5] AndroidManifest.xml:76:13-78:29
201                <action android:name="android.intent.action.VIEW" />
201-->[com.onesignal:OneSignal:4.8.5] AndroidManifest.xml:77:17-69
201-->[com.onesignal:OneSignal:4.8.5] AndroidManifest.xml:77:25-66
202            </intent-filter>
203        </activity>
204
205        <service
205-->[com.onesignal:OneSignal:4.8.5] AndroidManifest.xml:81:9-83:40
206            android:name="com.onesignal.FCMIntentService"
206-->[com.onesignal:OneSignal:4.8.5] AndroidManifest.xml:82:13-58
207            android:exported="false" />
207-->[com.onesignal:OneSignal:4.8.5] AndroidManifest.xml:83:13-37
208        <service
208-->[com.onesignal:OneSignal:4.8.5] AndroidManifest.xml:84:9-87:72
209            android:name="com.onesignal.FCMIntentJobService"
209-->[com.onesignal:OneSignal:4.8.5] AndroidManifest.xml:85:13-61
210            android:exported="false"
210-->[com.onesignal:OneSignal:4.8.5] AndroidManifest.xml:86:13-37
211            android:permission="android.permission.BIND_JOB_SERVICE" />
211-->[com.onesignal:OneSignal:4.8.5] AndroidManifest.xml:87:13-69
212        <service
212-->[com.onesignal:OneSignal:4.8.5] AndroidManifest.xml:88:9-91:43
213            android:name="com.onesignal.SyncService"
213-->[com.onesignal:OneSignal:4.8.5] AndroidManifest.xml:89:13-53
214            android:exported="false"
214-->[com.onesignal:OneSignal:4.8.5] AndroidManifest.xml:90:13-37
215            android:stopWithTask="true" />
215-->[com.onesignal:OneSignal:4.8.5] AndroidManifest.xml:91:13-40
216        <service
216-->[com.onesignal:OneSignal:4.8.5] AndroidManifest.xml:92:9-95:72
217            android:name="com.onesignal.SyncJobService"
217-->[com.onesignal:OneSignal:4.8.5] AndroidManifest.xml:93:13-56
218            android:exported="false"
218-->[com.onesignal:OneSignal:4.8.5] AndroidManifest.xml:94:13-37
219            android:permission="android.permission.BIND_JOB_SERVICE" />
219-->[com.onesignal:OneSignal:4.8.5] AndroidManifest.xml:95:13-69
220
221        <activity
221-->[com.onesignal:OneSignal:4.8.5] AndroidManifest.xml:97:9-100:75
222            android:name="com.onesignal.PermissionsActivity"
222-->[com.onesignal:OneSignal:4.8.5] AndroidManifest.xml:98:13-61
223            android:exported="false"
223-->[com.onesignal:OneSignal:4.8.5] AndroidManifest.xml:99:13-37
224            android:theme="@android:style/Theme.Translucent.NoTitleBar" />
224-->[com.onesignal:OneSignal:4.8.5] AndroidManifest.xml:100:13-72
225
226        <receiver
226-->[com.onesignal:OneSignal:4.8.5] AndroidManifest.xml:102:9-104:39
227            android:name="com.onesignal.NotificationDismissReceiver"
227-->[com.onesignal:OneSignal:4.8.5] AndroidManifest.xml:103:13-69
228            android:exported="true" />
228-->[com.onesignal:OneSignal:4.8.5] AndroidManifest.xml:104:13-36
229        <receiver
229-->[com.onesignal:OneSignal:4.8.5] AndroidManifest.xml:105:9-112:20
230            android:name="com.onesignal.BootUpReceiver"
230-->[com.onesignal:OneSignal:4.8.5] AndroidManifest.xml:106:13-56
231            android:exported="true" >
231-->[com.onesignal:OneSignal:4.8.5] AndroidManifest.xml:107:13-36
232            <intent-filter>
232-->[com.onesignal:OneSignal:4.8.5] AndroidManifest.xml:108:13-111:29
233                <action android:name="android.intent.action.BOOT_COMPLETED" />
233-->[com.onesignal:OneSignal:4.8.5] AndroidManifest.xml:109:17-79
233-->[com.onesignal:OneSignal:4.8.5] AndroidManifest.xml:109:25-76
234                <action android:name="android.intent.action.QUICKBOOT_POWERON" />
234-->[com.onesignal:OneSignal:4.8.5] AndroidManifest.xml:110:17-82
234-->[com.onesignal:OneSignal:4.8.5] AndroidManifest.xml:110:25-79
235            </intent-filter>
236        </receiver>
237        <receiver
237-->[com.onesignal:OneSignal:4.8.5] AndroidManifest.xml:113:9-119:20
238            android:name="com.onesignal.UpgradeReceiver"
238-->[com.onesignal:OneSignal:4.8.5] AndroidManifest.xml:114:13-57
239            android:exported="true" >
239-->[com.onesignal:OneSignal:4.8.5] AndroidManifest.xml:115:13-36
240            <intent-filter>
240-->[com.onesignal:OneSignal:4.8.5] AndroidManifest.xml:116:13-118:29
241                <action android:name="android.intent.action.MY_PACKAGE_REPLACED" />
241-->[com.onesignal:OneSignal:4.8.5] AndroidManifest.xml:117:17-84
241-->[com.onesignal:OneSignal:4.8.5] AndroidManifest.xml:117:25-81
242            </intent-filter>
243        </receiver>
244
245        <activity
245-->[com.onesignal:OneSignal:4.8.5] AndroidManifest.xml:121:9-127:75
246            android:name="com.onesignal.NotificationOpenedReceiver"
246-->[com.onesignal:OneSignal:4.8.5] AndroidManifest.xml:122:13-68
247            android:excludeFromRecents="true"
247-->[com.onesignal:OneSignal:4.8.5] AndroidManifest.xml:123:13-46
248            android:exported="true"
248-->[com.onesignal:OneSignal:4.8.5] AndroidManifest.xml:124:13-36
249            android:noHistory="true"
249-->[com.onesignal:OneSignal:4.8.5] AndroidManifest.xml:125:13-37
250            android:taskAffinity=""
250-->[com.onesignal:OneSignal:4.8.5] AndroidManifest.xml:126:13-36
251            android:theme="@android:style/Theme.Translucent.NoTitleBar" />
251-->[com.onesignal:OneSignal:4.8.5] AndroidManifest.xml:127:13-72
252        <activity
252-->[com.onesignal:OneSignal:4.8.5] AndroidManifest.xml:128:9-133:75
253            android:name="com.onesignal.NotificationOpenedReceiverAndroid22AndOlder"
253-->[com.onesignal:OneSignal:4.8.5] AndroidManifest.xml:129:13-85
254            android:excludeFromRecents="true"
254-->[com.onesignal:OneSignal:4.8.5] AndroidManifest.xml:130:13-46
255            android:exported="true"
255-->[com.onesignal:OneSignal:4.8.5] AndroidManifest.xml:131:13-36
256            android:noHistory="true"
256-->[com.onesignal:OneSignal:4.8.5] AndroidManifest.xml:132:13-37
257            android:theme="@android:style/Theme.Translucent.NoTitleBar" />
257-->[com.onesignal:OneSignal:4.8.5] AndroidManifest.xml:133:13-72
258        <activity
258-->[com.inmobi.monetization:inmobi-ads:10.1.2] AndroidManifest.xml:43:9-48:46
259            android:name="com.inmobi.ads.rendering.InMobiAdActivity"
259-->[com.inmobi.monetization:inmobi-ads:10.1.2] AndroidManifest.xml:44:13-69
260            android:configChanges="keyboardHidden|orientation|keyboard|smallestScreenSize|screenSize|screenLayout|locale|fontScale|uiMode"
260-->[com.inmobi.monetization:inmobi-ads:10.1.2] AndroidManifest.xml:45:13-139
261            android:hardwareAccelerated="true"
261-->[com.inmobi.monetization:inmobi-ads:10.1.2] AndroidManifest.xml:46:13-47
262            android:theme="@android:style/Theme.NoTitleBar" />
262-->[com.inmobi.monetization:inmobi-ads:10.1.2] AndroidManifest.xml:47:13-60
263
264        <service
264-->[com.google.firebase:firebase-database:19.6.0] AndroidManifest.xml:29:9-35:19
265            android:name="com.google.firebase.components.ComponentDiscoveryService"
265-->[com.google.firebase:firebase-database:19.6.0] AndroidManifest.xml:30:13-84
266            android:directBootAware="true"
266-->[com.google.firebase:firebase-common:20.1.2] AndroidManifest.xml:35:13-43
267            android:exported="false" >
267-->[com.google.firebase:firebase-database:19.6.0] AndroidManifest.xml:31:13-37
268            <meta-data
268-->[com.google.firebase:firebase-database:19.6.0] AndroidManifest.xml:32:13-34:85
269                android:name="com.google.firebase.components:com.google.firebase.database.DatabaseRegistrar"
269-->[com.google.firebase:firebase-database:19.6.0] AndroidManifest.xml:33:17-109
270                android:value="com.google.firebase.components.ComponentRegistrar" />
270-->[com.google.firebase:firebase-database:19.6.0] AndroidManifest.xml:34:17-82
271            <meta-data
271-->[com.google.firebase:firebase-messaging:21.0.1] AndroidManifest.xml:39:13-41:85
272                android:name="com.google.firebase.components:com.google.firebase.messaging.FirebaseMessagingRegistrar"
272-->[com.google.firebase:firebase-messaging:21.0.1] AndroidManifest.xml:40:17-119
273                android:value="com.google.firebase.components.ComponentRegistrar" />
273-->[com.google.firebase:firebase-messaging:21.0.1] AndroidManifest.xml:41:17-82